  OpenCV_1_old.txt
c:\users\czarek\documents\visual studio 2015\projects\opencv_1\opencv_1\opencv_1_old.txt(79): warning C4244: 'argument': conversion from 'double' to 'int', possible loss of data
c:\users\czarek\documents\visual studio 2015\projects\opencv_1\opencv_1\opencv_1_old.txt(80): warning C4244: 'argument': conversion from 'double' to 'int', possible loss of data
c:\users\czarek\documents\visual studio 2015\projects\opencv_1\opencv_1\opencv_1_old.txt(90): warning C4244: 'argument': conversion from 'double' to 'int', possible loss of data
  OpenCV_1.cpp
  Generating Code...
OpenCV_1.obj : error LNK2019: unresolved external symbol "public: __cdecl cv::Exception::Exception(int,class std::basic_string<char,struct std::char_traits<char>,class std::allocator<char> > const &,class std::basic_string<char,struct std::char_traits<char>,class std::allocator<char> > const &,class std::basic_string<char,struct std::char_traits<char>,class std::allocator<char> > const &,int)" (??0Exception@cv@@QEAA@HAEBV?$basic_string@DU?$char_traits@D@std@@V?$allocator@D@2@@std@@00H@Z) referenced in function "public: class cv::Size_<int> __cdecl cv::Mat::MSize::operator()(void)const " (??RMSize@Mat@cv@@QEBA?AV?$Size_@H@2@XZ)
OpenCV_1.obj : error LNK2019: unresolved external symbol "public: virtual __cdecl cv::Exception::~Exception(void)" (??1Exception@cv@@UEAA@XZ) referenced in function "public: class cv::Size_<int> __cdecl cv::Mat::MSize::operator()(void)const " (??RMSize@Mat@cv@@QEBA?AV?$Size_@H@2@XZ)
OpenCV_1.obj : error LNK2019: unresolved external symbol "void __cdecl cv::error(class cv::Exception const &)" (?error@cv@@YAXAEBVException@1@@Z) referenced in function "public: class cv::Size_<int> __cdecl cv::Mat::MSize::operator()(void)const " (??RMSize@Mat@cv@@QEBA?AV?$Size_@H@2@XZ)
OpenCV_1.obj : error LNK2019: unresolved external symbol "void __cdecl cv::fastFree(void *)" (?fastFree@cv@@YAXPEAX@Z) referenced in function "public: __cdecl cv::Mat::~Mat(void)" (??1Mat@cv@@QEAA@XZ)
OpenCV_1_old.obj : error LNK2001: unresolved external symbol "void __cdecl cv::fastFree(void *)" (?fastFree@cv@@YAXPEAX@Z)
OpenCV_1.obj : error LNK2019: unresolved external symbol "public: __cdecl cv::_InputArray::_InputArray(class cv::Mat const &)" (??0_InputArray@cv@@QEAA@AEBVMat@1@@Z) referenced in function "void __cdecl detectAndDisplay(class cv::Mat)" (?detectAndDisplay@@YAXVMat@cv@@@Z)
OpenCV_1_old.obj : error LNK2001: unresolved external symbol "public: __cdecl cv::_InputArray::_InputArray(class cv::Mat const &)" (??0_InputArray@cv@@QEAA@AEBVMat@1@@Z)
OpenCV_1.obj : error LNK2001: unresolved external symbol "public: virtual class cv::Mat __cdecl cv::_InputArray::getMat(int)const " (?getMat@_InputArray@cv@@UEBA?AVMat@2@H@Z)
OpenCV_1.obj : error LNK2001: unresolved external symbol "public: virtual void __cdecl cv::_InputArray::getMatVector(class std::vector<class cv::Mat,class std::allocator<class cv::Mat> > &)const " (?getMatVector@_InputArray@cv@@UEBAXAEAV?$vector@VMat@cv@@V?$allocator@VMat@cv@@@std@@@std@@@Z)
OpenCV_1.obj : error LNK2001: unresolved external symbol "public: virtual class cv::GlBuffer __cdecl cv::_InputArray::getGlBuffer(void)const " (?getGlBuffer@_InputArray@cv@@UEBA?AVGlBuffer@2@XZ)
OpenCV_1.obj : error LNK2001: unresolved external symbol "public: virtual class cv::GlTexture __cdecl cv::_InputArray::getGlTexture(void)const " (?getGlTexture@_InputArray@cv@@UEBA?AVGlTexture@2@XZ)
OpenCV_1.obj : error LNK2001: unresolved external symbol "public: virtual class cv::gpu::GpuMat __cdecl cv::_InputArray::getGpuMat(void)const " (?getGpuMat@_InputArray@cv@@UEBA?AVGpuMat@gpu@2@XZ)
OpenCV_1.obj : error LNK2001: unresolved external symbol "public: virtual int __cdecl cv::_InputArray::kind(void)const " (?kind@_InputArray@cv@@UEBAHXZ)
OpenCV_1.obj : error LNK2001: unresolved external symbol "public: virtual class cv::Size_<int> __cdecl cv::_InputArray::size(int)const " (?size@_InputArray@cv@@UEBA?AV?$Size_@H@2@H@Z)
OpenCV_1.obj : error LNK2001: unresolved external symbol "public: virtual unsigned __int64 __cdecl cv::_InputArray::total(int)const " (?total@_InputArray@cv@@UEBA_KH@Z)
OpenCV_1.obj : error LNK2001: unresolved external symbol "public: virtual int __cdecl cv::_InputArray::type(int)const " (?type@_InputArray@cv@@UEBAHH@Z)
OpenCV_1.obj : error LNK2001: unresolved external symbol "public: virtual int __cdecl cv::_InputArray::depth(int)const " (?depth@_InputArray@cv@@UEBAHH@Z)
OpenCV_1.obj : error LNK2001: unresolved external symbol "public: virtual int __cdecl cv::_InputArray::channels(int)const " (?channels@_InputArray@cv@@UEBAHH@Z)
OpenCV_1.obj : error LNK2001: unresolved external symbol "public: virtual bool __cdecl cv::_InputArray::empty(void)const " (?empty@_InputArray@cv@@UEBA_NXZ)
OpenCV_1.obj : error LNK2019: unresolved external symbol "public: __cdecl cv::_OutputArray::_OutputArray(class cv::Mat &)" (??0_OutputArray@cv@@QEAA@AEAVMat@1@@Z) referenced in function "void __cdecl detectAndDisplay(class cv::Mat)" (?detectAndDisplay@@YAXVMat@cv@@@Z)
OpenCV_1_old.obj : error LNK2001: unresolved external symbol "public: __cdecl cv::_OutputArray::_OutputArray(class cv::Mat &)" (??0_OutputArray@cv@@QEAA@AEAVMat@1@@Z)
OpenCV_1.obj : error LNK2001: unresolved external symbol "public: virtual bool __cdecl cv::_OutputArray::fixedSize(void)const " (?fixedSize@_OutputArray@cv@@UEBA_NXZ)
OpenCV_1.obj : error LNK2001: unresolved external symbol "public: virtual bool __cdecl cv::_OutputArray::fixedType(void)const " (?fixedType@_OutputArray@cv@@UEBA_NXZ)
OpenCV_1.obj : error LNK2001: unresolved external symbol "public: virtual bool __cdecl cv::_OutputArray::needed(void)const " (?needed@_OutputArray@cv@@UEBA_NXZ)
OpenCV_1.obj : error LNK2001: unresolved external symbol "public: virtual class cv::Mat & __cdecl cv::_OutputArray::getMatRef(int)const " (?getMatRef@_OutputArray@cv@@UEBAAEAVMat@2@H@Z)
OpenCV_1.obj : error LNK2001: unresolved external symbol "public: virtual void __cdecl cv::_OutputArray::create(class cv::Size_<int>,int,int,bool,int)const " (?create@_OutputArray@cv@@UEBAXV?$Size_@H@2@HH_NH@Z)
OpenCV_1.obj : error LNK2001: unresolved external symbol "public: virtual void __cdecl cv::_OutputArray::create(int,int,int,int,bool,int)const " (?create@_OutputArray@cv@@UEBAXHHHH_NH@Z)
OpenCV_1.obj : error LNK2001: unresolved external symbol "public: virtual void __cdecl cv::_OutputArray::create(int,int const *,int,int,bool,int)const " (?create@_OutputArray@cv@@UEBAXHPEBHHH_NH@Z)
OpenCV_1.obj : error LNK2001: unresolved external symbol "public: virtual void __cdecl cv::_OutputArray::release(void)const " (?release@_OutputArray@cv@@UEBAXXZ)
OpenCV_1.obj : error LNK2001: unresolved external symbol "public: virtual void __cdecl cv::_OutputArray::clear(void)const " (?clear@_OutputArray@cv@@UEBAXXZ)
OpenCV_1.obj : error LNK2019: unresolved external symbol "public: __cdecl cv::Mat::Mat(struct _IplImage const *,bool)" (??0Mat@cv@@QEAA@PEBU_IplImage@@_N@Z) referenced in function main
OpenCV_1_old.obj : error LNK2001: unresolved external symbol "public: __cdecl cv::Mat::Mat(struct _IplImage const *,bool)" (??0Mat@cv@@QEAA@PEBU_IplImage@@_N@Z)
OpenCV_1.obj : error LNK2019: unresolved external symbol "public: static class cv::MatExpr __cdecl cv::Mat::zeros(class cv::Size_<int>,int)" (?zeros@Mat@cv@@SA?AVMatExpr@2@V?$Size_@H@2@H@Z) referenced in function "void __cdecl detectAndDisplay(class cv::Mat)" (?detectAndDisplay@@YAXVMat@cv@@@Z)
OpenCV_1.obj : error LNK2019: unresolved external symbol "public: void __cdecl cv::Mat::deallocate(void)" (?deallocate@Mat@cv@@QEAAXXZ) referenced in function "public: void __cdecl cv::Mat::release(void)" (?release@Mat@cv@@QEAAXXZ)
OpenCV_1_old.obj : error LNK2001: unresolved external symbol "public: void __cdecl cv::Mat::deallocate(void)" (?deallocate@Mat@cv@@QEAAXXZ)
OpenCV_1.obj : error LNK2019: unresolved external symbol "public: void __cdecl cv::Mat::copySize(class cv::Mat const &)" (?copySize@Mat@cv@@QEAAXAEBV12@@Z) referenced in function "public: __cdecl cv::Mat::Mat(class cv::Mat const &)" (??0Mat@cv@@QEAA@AEBV01@@Z)
OpenCV_1_old.obj : error LNK2001: unresolved external symbol "public: void __cdecl cv::Mat::copySize(class cv::Mat const &)" (?copySize@Mat@cv@@QEAAXAEBV12@@Z)
OpenCV_1.obj : error LNK2019: unresolved external symbol "int __cdecl cv::_interlockedExchangeAdd(int *,int)" (?_interlockedExchangeAdd@cv@@YAHPEAHH@Z) referenced in function "public: __cdecl cv::Mat::Mat(class cv::Mat const &)" (??0Mat@cv@@QEAA@AEBV01@@Z)
OpenCV_1_old.obj : error LNK2001: unresolved external symbol "int __cdecl cv::_interlockedExchangeAdd(int *,int)" (?_interlockedExchangeAdd@cv@@YAHPEAHH@Z)
OpenCV_1.obj : error LNK2019: unresolved external symbol cvCreateCameraCapture referenced in function main
OpenCV_1_old.obj : error LNK2001: unresolved external symbol cvCreateCameraCapture
OpenCV_1.obj : error LNK2019: unresolved external symbol cvQueryFrame referenced in function main
OpenCV_1_old.obj : error LNK2001: unresolved external symbol cvQueryFrame
OpenCV_1.obj : error LNK2019: unresolved external symbol "int __cdecl cv::waitKey(int)" (?waitKey@cv@@YAHH@Z) referenced in function main
OpenCV_1_old.obj : error LNK2001: unresolved external symbol "int __cdecl cv::waitKey(int)" (?waitKey@cv@@YAHH@Z)
OpenCV_1.obj : error LNK2019: unresolved external symbol "void __cdecl cv::imshow(class std::basic_string<char,struct std::char_traits<char>,class std::allocator<char> > const &,class cv::_InputArray const &)" (?imshow@cv@@YAXAEBV?$basic_string@DU?$char_traits@D@std@@V?$allocator@D@2@@std@@AEBV_InputArray@1@@Z) referenced in function "void __cdecl detectAndDisplay(class cv::Mat)" (?detectAndDisplay@@YAXVMat@cv@@@Z)
OpenCV_1.obj : error LNK2019: unresolved external symbol "void __cdecl cv::blur(class cv::_InputArray const &,class cv::_OutputArray const &,class cv::Size_<int>,class cv::Point_<int>,int)" (?blur@cv@@YAXAEBV_InputArray@1@AEBV_OutputArray@1@V?$Size_@H@1@V?$Point_@H@1@H@Z) referenced in function "void __cdecl detectAndDisplay(class cv::Mat)" (?detectAndDisplay@@YAXVMat@cv@@@Z)
OpenCV_1.obj : error LNK2019: unresolved external symbol "void __cdecl cv::Canny(class cv::_InputArray const &,class cv::_OutputArray const &,double,double,int,bool)" (?Canny@cv@@YAXAEBV_InputArray@1@AEBV_OutputArray@1@NNH_N@Z) referenced in function "void __cdecl detectAndDisplay(class cv::Mat)" (?detectAndDisplay@@YAXVMat@cv@@@Z)
OpenCV_1.obj : error LNK2019: unresolved external symbol "void __cdecl cv::cvtColor(class cv::_InputArray const &,class cv::_OutputArray const &,int,int)" (?cvtColor@cv@@YAXAEBV_InputArray@1@AEBV_OutputArray@1@HH@Z) referenced in function "void __cdecl detectAndDisplay(class cv::Mat)" (?detectAndDisplay@@YAXVMat@cv@@@Z)
OpenCV_1_old.obj : error LNK2001: unresolved external symbol "void __cdecl cv::cvtColor(class cv::_InputArray const &,class cv::_OutputArray const &,int,int)" (?cvtColor@cv@@YAXAEBV_InputArray@1@AEBV_OutputArray@1@HH@Z)
OpenCV_1.obj : error LNK2019: unresolved external symbol "void __cdecl cv::findContours(class cv::_OutputArray const &,class cv::_OutputArray const &,class cv::_OutputArray const &,int,int,class cv::Point_<int>)" (?findContours@cv@@YAXAEBV_OutputArray@1@00HHV?$Point_@H@1@@Z) referenced in function "void __cdecl detectAndDisplay(class cv::Mat)" (?detectAndDisplay@@YAXVMat@cv@@@Z)
OpenCV_1_old.obj : error LNK2019: unresolved external symbol "public: __cdecl cv::Mat::Mat(class cv::Mat const &,class cv::Rect_<int> const &)" (??0Mat@cv@@QEAA@AEBV01@AEBV?$Rect_@H@1@@Z) referenced in function "public: class cv::Mat __cdecl cv::Mat::operator()(class cv::Rect_<int> const &)const " (??RMat@cv@@QEBA?AV01@AEBV?$Rect_@H@1@@Z)
OpenCV_1_old.obj : error LNK2019: unresolved external symbol "void __cdecl cv::circle(class cv::Mat &,class cv::Point_<int>,int,class cv::Scalar_<double> const &,int,int,int)" (?circle@cv@@YAXAEAVMat@1@V?$Point_@H@1@HAEBV?$Scalar_@N@1@HHH@Z) referenced in function "void __cdecl detectAndDisplaya(class cv::Mat)" (?detectAndDisplaya@@YAXVMat@cv@@@Z)
OpenCV_1_old.obj : error LNK2019: unresolved external symbol "void __cdecl cv::ellipse(class cv::Mat &,class cv::Point_<int>,class cv::Size_<int>,double,double,double,class cv::Scalar_<double> const &,int,int,int)" (?ellipse@cv@@YAXAEAVMat@1@V?$Point_@H@1@V?$Size_@H@1@NNNAEBV?$Scalar_@N@1@HHH@Z) referenced in function "void __cdecl detectAndDisplaya(class cv::Mat)" (?detectAndDisplaya@@YAXVMat@cv@@@Z)
OpenCV_1_old.obj : error LNK2019: unresolved external symbol "public: __cdecl cv::CascadeClassifier::CascadeClassifier(void)" (??0CascadeClassifier@cv@@QEAA@XZ) referenced in function "void __cdecl `dynamic initializer for 'eyes_cascade''(void)" (??__Eeyes_cascade@@YAXXZ)
OpenCV_1_old.obj : error LNK2019: unresolved external symbol "public: virtual __cdecl cv::CascadeClassifier::~CascadeClassifier(void)" (??1CascadeClassifier@cv@@UEAA@XZ) referenced in function "void __cdecl `dynamic atexit destructor for 'eyes_cascade''(void)" (??__Feyes_cascade@@YAXXZ)
OpenCV_1_old.obj : error LNK2019: unresolved external symbol "public: bool __cdecl cv::CascadeClassifier::load(class std::basic_string<char,struct std::char_traits<char>,class std::allocator<char> > const &)" (?load@CascadeClassifier@cv@@QEAA_NAEBV?$basic_string@DU?$char_traits@D@std@@V?$allocator@D@2@@std@@@Z) referenced in function "int __cdecl maina(int,char const * *)" (?maina@@YAHHPEAPEBD@Z)
OpenCV_1_old.obj : error LNK2019: unresolved external symbol "public: virtual void __cdecl cv::CascadeClassifier::detectMultiScale(class cv::Mat const &,class std::vector<class cv::Rect_<int>,class std::allocator<class cv::Rect_<int> > > &,double,int,int,class cv::Size_<int>,class cv::Size_<int>)" (?detectMultiScale@CascadeClassifier@cv@@UEAAXAEBVMat@2@AEAV?$vector@V?$Rect_@H@cv@@V?$allocator@V?$Rect_@H@cv@@@std@@@std@@NHHV?$Size_@H@2@2@Z) referenced in function "void __cdecl detectAndDisplaya(class cv::Mat)" (?detectAndDisplaya@@YAXVMat@cv@@@Z)
OpenCV_1_old.obj : error LNK2019: unresolved external symbol "void __cdecl cv::equalizeHist(class cv::_InputArray const &,class cv::_OutputArray const &)" (?equalizeHist@cv@@YAXAEBV_InputArray@1@AEBV_OutputArray@1@@Z) referenced in function "void __cdecl detectAndDisplaya(class cv::Mat)" (?detectAndDisplaya@@YAXVMat@cv@@@Z)
C:\Users\Czarek\documents\visual studio 2015\Projects\OpenCV_1\x64\Debug\OpenCV_1.exe : fatal error LNK1120: 48 unresolved externals
